<?xml version="1.0" encoding="UTF-8"?>
<!-- Generated by org.testng.reporters.JUnitReportReporter -->
<testsuite hostname="EPBYMINW5030" failures="0" tests="1" name="test.java.isPositiveTest" time="0.001" errors="0" timestamp="8 Apr 2019 12:06:45 GMT">
  <testcase classname="test.java.isPositiveTest" name="divTest" time="0.001"/>
</testsuite> <!-- test.java.isPositiveTest -->
