<?xml version="1.0" encoding="UTF-8"?>
<!-- Generated by org.testng.reporters.JUnitReportReporter -->
<testsuite hostname="EPBYMINW5030" failures="0" tests="1" name="test.java.SinTest" time="0.012" errors="0" timestamp="8 Apr 2019 12:29:42 GMT">
  <testcase classname="test.java.SinTest" name="cosTest" time="0.012"/>
</testsuite> <!-- test.java.SinTest -->
