<?xml version="1.0" encoding="UTF-8"?>
<!-- Generated by org.testng.reporters.JUnitReportReporter -->
<testsuite hostname="EPBYMINW5030" failures="0" tests="1" name="test.java.SqrtTest" time="0.000" errors="0" timestamp="8 Apr 2019 12:06:45 GMT">
  <testcase classname="test.java.SqrtTest" name="sqrtTest" time="0.000"/>
</testsuite> <!-- test.java.SqrtTest -->
